<?xml version="1.0" encoding="UTF-8"?>
<coverage generated="1628918583665" clover="3.2.0">
  <project timestamp="1628918583665" name="All files">
    <metrics statements="4" coveredstatements="0" conditionals="0" coveredconditionals="0" methods="1" coveredmethods="0" elements="5" coveredelements="0" complexity="0" loc="4" ncloc="4" packages="1" files="1" classes="1"/>
    <file name="_filamentId.vue" path="C:\Users\amoos\Code\KM_Filament_Database_new\KM_Filament_Database\pages\f\_filamentId.vue">
      <metrics statements="4" coveredstatements="0" conditionals="0" coveredconditionals="0" methods="1" coveredmethods="0"/>
      <line num="33" count="0" type="stmt"/>
      <line num="34" count="0" type="stmt"/>
      <line num="35" count="0" type="stmt"/>
      <line num="36" count="0" type="stmt"/>
    </file>
  </project>
</coverage>
