{"C:\\Users\\amoos\\Code\\KM_Filament_Database_new\\KM_Filament_Database\\pages\\f\\_filamentId.vue": {"path":"C:\\Users\\amoos\\Code\\KM_Filament_Database_new\\KM_Filament_Database\\pages\\f\\_filamentId.vue","statementMap":{"0":{"start":{"line":33,"column":0},"end":{"line":33,"column":null}},"1":{"start":{"line":34,"column":0},"end":{"line":34,"column":null}},"2":{"start":{"line":35,"column":0},"end":{"line":35,"column":null}},"3":{"start":{"line":36,"column":0},"end":{"line":36,"column":null}}},"fnMap":{"0":{"name":"(anonymous_1)","decl":{"start":{"line":32,"column":0},"end":{"line":32,"column":null}},"loc":{"start":{"line":32,"column":0},"end":{"line":37,"column":null}}}},"branchMap":{},"s":{"0":0,"1":0,"2":0,"3":0},"f":{"0":0},"b":{}}
}
